2021-05-12 09:20:19 - info [app.js]: Initializing...
2021-05-12 09:20:19 - info [app.js]: Loading commands...
2021-05-12 09:20:20 - info [app.js]: 
.-----------------------------------------------------------------------------------.
|                                     Commands                                      |
|-----------------------------------------------------------------------------------|
|           File            |               Aliases               |  Type  | Status |
|---------------------------|-------------------------------------|--------|--------|
| setadminrole.js           | setar, sar                          | admin  | pass   |
| setautokick.js            | setak, sak                          | admin  | pass   |
| setautorole.js            | setaur, saur                        | admin  | pass   |
| setcommandpoints.js       | setcp, scp                          | admin  | pass   |
| setcrownchannel.js        | setcc, scc                          | admin  | pass   |
| setcrownmessage.js        | setcrownmsg, setcm, scm             | admin  | pass   |
| setcrownrole.js           | setcr, scr                          | admin  | pass   |
| setcrownschedule.js       | setcs, scs                          | admin  | pass   |
| setfarewellchannel.js     | setfc, sfc                          | admin  | pass   |
| setfarewellmessage.js     | setfarewellmsg, setfm, sfm          | admin  | pass   |
| setmemberlog.js           | setmeml, smeml                      | admin  | pass   |
| setmessagedeletelog.js    | setmsgdeletelog, setmdl, smdl       | admin  | pass   |
| setmessageeditlog.js      | setmsgeditlog, setmel, smel         | admin  | pass   |
| setmessagepoints.js       | setmsgpoints, setmp, smp            | admin  | pass   |
| setmodchannels.js         | setmodcs, setmcs, smcs              | admin  | pass   |
| setmodlog.js              | setml, sml                          | admin  | pass   |
| setmodrole.js             | setmr, smr                          | admin  | pass   |
| setmuterole.js            | setmur, smur                        | admin  | pass   |
| setnicknamelog.js         | setnnl, snnl                        | admin  | pass   |
| setprefix.js              | setp, sp                            | admin  | pass   |
| setrolelog.js             | setrl, srl                          | admin  | pass   |
| setstarboardchannel.js    | setstc, sstc                        | admin  | pass   |
| setsystemchannel.js       | setsc, ssc                          | admin  | pass   |
| settings.js               | set, s, config, conf                | admin  | pass   |
| setverificationchannel.js | setvc, svc                          | admin  | pass   |
| setverificationmessage.js | setverificationmsg, setvm, svm      | admin  | pass   |
| setverificationrole.js    | setvr, svr                          | admin  | pass   |
| setvoicepoints.js         | setvp, svp                          | admin  | pass   |
| setwelcomechannel.js      | setwc, swc                          | admin  | pass   |
| setwelcomemessage.js      | setwelcomemsg, setwm, swm           | admin  | pass   |
| togglecommand.js          | togglec, togc, tc                   | admin  | pass   |
| togglepoints.js           | togglep, togp                       | admin  | pass   |
| togglerandomcolor.js      | togglerc, togrc, trc                | admin  | pass   |
| toggletype.js             | togglet, togt, tt                   | admin  | pass   |
| color.js                  | changecolor, colour, c              | color  | pass   |
| colors.js                 | colorlist, colours, cols, cs        | color  | pass   |
| createcolor.js            | cc                                  | color  | pass   |
| createdefaultcolors.js    | cdc                                 | color  | pass   |
| randomcolor.js            | rc                                  | color  | pass   |
| 8ball.js                  | fortune                             | fun    | pass   |
| bird.js                   |                                     | fun    | pass   |
| cat.js                    | kitten, kitty                       | fun    | pass   |
| catfact.js                | cf                                  | fun    | pass   |
| coinflip.js               | cointoss, coin, flip                | fun    | pass   |
| dog.js                    | puppy, pup                          | fun    | pass   |
| dogfact.js                | df                                  | fun    | pass   |
| duck.js                   |                                     | fun    | pass   |
| emojify.js                | sayemoji                            | fun    | pass   |
| fox.js                    |                                     | fun    | pass   |
| meme.js                   |                                     | fun    | pass   |
| roll.js                   | dice, r                             | fun    | pass   |
| rps.js                    |                                     | fun    | pass   |
| say.js                    |                                     | fun    | pass   |
| shibe.js                  |                                     | fun    | pass   |
| solotrivia.js             | solotriv, striv, solot, st          | fun    | pass   |
| thouart.js                | elizabethan, ta                     | fun    | pass   |
| topics.js                 | triviatopics, categories, ts        | fun    | pass   |
| trivia.js                 | triv, t                             | fun    | pass   |
| trumptweet.js             | trump                               | fun    | pass   |
| yesno.js                  | yn                                  | fun    | pass   |
| yomomma.js                | yourmom, yomamma, yomama, ym        | fun    | pass   |
| youtube.js                | yt                                  | fun    | pass   |
| admins.js                 |                                     | info   | pass   |
| aliases.js                | alias, ali, a                       | info   | pass   |
| avatar.js                 | profilepic, pic, ava                | info   | pass   |
| botinfo.js                | bot, bi                             | info   | pass   |
| channelinfo.js            | channel, ci                         | info   | pass   |
| emojis.js                 | e                                   | info   | pass   |
| findid.js                 | find, id                            | info   | pass   |
| gallery.js                | art                                 | info   | pass   |
| github.js                 | gh, repo                            | info   | pass   |
| help.js                   | commands, h                         | info   | pass   |
| inviteme.js               | invite, invme, im                   | info   | pass   |
| members.js                | memberstatus                        | info   | pass   |
| mods.js                   |                                     | info   | pass   |
| permissions.js            | perms                               | info   | pass   |
| ping.js                   |                                     | info   | pass   |
| prefix.js                 | pre                                 | info   | pass   |
| roleinfo.js               | role, ri                            | info   | pass   |
| servercount.js            | usercount, sc, uc                   | info   | pass   |
| servericon.js             | icon, i                             | info   | pass   |
| serverinfo.js             | server, si                          | info   | pass   |
| serverstaff.js            | staff                               | info   | pass   |
| stats.js                  | statistics, metrics                 | info   | pass   |
| supportserver.js          | support, ss                         | info   | pass   |
| uptime.js                 | up                                  | info   | pass   |
| userinfo.js               | whois, user, ui                     | info   | pass   |
| feedback.js               | fb                                  | misc   | pass   |
| nickname.js               | changenickname, nick, nn            | misc   | pass   |
| reportbug.js              | bugreport, report, bug, rb, br      | misc   | pass   |
| addrole.js                | giverole, addr, ar                  | mod    | pass   |
| ban.js                    |                                     | mod    | pass   |
| clearwarns.js             |                                     | mod    | pass   |
| kick.js                   |                                     | mod    | pass   |
| mute.js                   |                                     | mod    | pass   |
| purge.js                  | clear                               | mod    | pass   |
| purgebot.js               | clearbot                            | mod    | pass   |
| removerole.js             | remover, rr                         | mod    | pass   |
| setnickname.js            | setnn, snn                          | mod    | pass   |
| slowmode.js               | slow, sm                            | mod    | pass   |
| softban.js                |                                     | mod    | pass   |
| unban.js                  |                                     | mod    | pass   |
| unmute.js                 |                                     | mod    | pass   |
| warn.js                   |                                     | mod    | pass   |
| warnpurge.js              | purgewarn                           | mod    | pass   |
| warns.js                  | warnings                            | mod    | pass   |
| blast.js                  |                                     | owner  | pass   |
| eval.js                   |                                     | owner  | pass   |
| leaveguild.js             |                                     | owner  | pass   |
| servers.js                | servs                               | owner  | pass   |
| wipeallpoints.js          | wipeap, wap                         | owner  | pass   |
| wipealltotalpoints.js     | wipeatp, watp                       | owner  | pass   |
| wipepoints.js             | wipep, wp                           | owner  | pass   |
| wipetotalpoints.js        | wipetp, wtp                         | owner  | pass   |
| crown.js                  | crowned                             | points | pass   |
| explainpoints.js          | explainp, ep, howtopoints, h2points | points | pass   |
| givepoints.js             | gp                                  | points | pass   |
| leaderboard.js            | top, lb, rankings                   | points | pass   |
| points.js                 | p                                   | points | pass   |
| pointsper.js              | pointsp, pp                         | points | pass   |
| position.js               | pos                                 | points | pass   |
| totalpoints.js            | totalp, tp                          | points | pass   |
'-----------------------------------------------------------------------------------'
2021-05-12 09:20:20 - info [app.js]: 18 event(s) found...
2021-05-12 09:20:20 - info [app.js]: Loading event: debug
2021-05-12 09:20:20 - info [app.js]: Loading event: error
2021-05-12 09:20:20 - info [app.js]: Loading event: guildCreate
2021-05-12 09:20:20 - info [app.js]: Loading event: guildDelete
2021-05-12 09:20:20 - info [app.js]: Loading event: guildMemberAdd
2021-05-12 09:20:20 - info [app.js]: Loading event: guildMemberRemove
2021-05-12 09:20:20 - info [app.js]: Loading event: guildMemberUpdate
2021-05-12 09:20:20 - info [app.js]: Loading event: guildUpdate
2021-05-12 09:20:20 - info [app.js]: Loading event: message
2021-05-12 09:20:20 - info [app.js]: Loading event: messageDelete
2021-05-12 09:20:20 - info [app.js]: Loading event: messageDeleteBulk
2021-05-12 09:20:20 - info [app.js]: Loading event: messageReactionAdd
2021-05-12 09:20:20 - info [app.js]: Loading event: messageReactionRemove
2021-05-12 09:20:20 - info [app.js]: Loading event: messageUpdate
2021-05-12 09:20:20 - info [app.js]: Loading event: ready
2021-05-12 09:20:20 - info [app.js]: Loading event: userUpdate
2021-05-12 09:20:20 - info [app.js]: Loading event: voiceStateUpdate
2021-05-12 09:20:20 - info [app.js]: Loading event: warn
2021-05-12 09:20:20 - info [app.js]: 24 topic(s) found...
2021-05-12 09:20:20 - info [app.js]: Loading topic: anime
2021-05-12 09:20:20 - info [app.js]: Loading topic: cars
2021-05-12 09:20:20 - info [app.js]: Loading topic: darksouls
2021-05-12 09:20:20 - info [app.js]: Loading topic: dota2abilities
2021-05-12 09:20:20 - info [app.js]: Loading topic: dota2items
2021-05-12 09:20:20 - info [app.js]: Loading topic: elements
2021-05-12 09:20:20 - info [app.js]: Loading topic: finalfantasy
2021-05-12 09:20:20 - info [app.js]: Loading topic: gameofthrones
2021-05-12 09:20:20 - info [app.js]: Loading topic: greekmyth
2021-05-12 09:20:20 - info [app.js]: Loading topic: harrypotter
2021-05-12 09:20:20 - info [app.js]: Loading topic: leagueoflegends
2021-05-12 09:20:20 - info [app.js]: Loading topic: leagueults
2021-05-12 09:20:20 - info [app.js]: Loading topic: overwatch
2021-05-12 09:20:20 - info [app.js]: Loading topic: slogans
2021-05-12 09:20:20 - info [app.js]: Loading topic: sports
2021-05-12 09:20:20 - info [app.js]: Loading topic: starwars
2021-05-12 09:20:20 - info [app.js]: Loading topic: uscapitals
2021-05-12 09:20:20 - info [app.js]: Loading topic: usflags
2021-05-12 09:20:20 - info [app.js]: Loading topic: usmap
2021-05-12 09:20:20 - info [app.js]: Loading topic: usstateabbreviations
2021-05-12 09:20:20 - info [app.js]: Loading topic: videogames
2021-05-12 09:20:20 - info [app.js]: Loading topic: worldcapitals
2021-05-12 09:20:20 - info [app.js]: Loading topic: worldflags
2021-05-12 09:20:20 - info [app.js]: Loading topic: worldmap
2021-05-12 09:20:20 - info [app.js]: Updating database and scheduling jobs...
2021-05-12 09:20:20 - info [app.js]: fantom's server: Successfully scheduled job
2021-05-12 09:20:20 - info [app.js]: Addict is now online
2021-05-12 09:20:20 - info [app.js]: Addict is running on 1 server(s)
